{"uid":"4d0bb4361509badd","name":"userRegistrationTest()","fullName":"TestUserRegister.userRegistrationTest","historyId":"6ef1cb69f096046999248c970578d983","time":{"start":1655655119225,"stop":1655655146385,"duration":27160},"description":"Register a new user","descriptionHtml":"<p>Register a new user</p>\n","status":"broken","statusMessage":"Expected condition failed: waiting for visibility of element located by By.xpath: //*[@class=\"notices success green\"]/p (tried for 20 second(s) with 500 milliseconds interval)","statusTrace":"org.openqa.selenium.TimeoutException: Expected condition failed: waiting for visibility of element located by By.xpath: //*[@class=\"notices success green\"]/p (tried for 20 second(s) with 500 milliseconds interval)\n\tat org.openqa.selenium.support.ui.WebDriverWait.timeoutException(WebDriverWait.java:95)\n\tat org.openqa.selenium.support.ui.FluentWait.until(FluentWait.java:272)\n\tat TestUserRegister.userRegistrationTest(TestUserRegister.java:111)\n\tat java.base/jdk.internal.reflect.NativeMethodAccessorImpl.invoke0(Native Method)\n\tat java.base/jdk.internal.reflect.NativeMethodAccessorImpl.invoke(NativeMethodAccessorImpl.java:78)\n\tat java.base/jdk.internal.reflect.DelegatingMethodAccessorImpl.invoke(DelegatingMethodAccessorImpl.java:43)\n\tat java.base/java.lang.reflect.Method.invoke(Method.java:567)\n\tat org.junit.platform.commons.util.ReflectionUtils.invokeMethod(ReflectionUtils.java:725)\n\tat org.junit.jupiter.engine.execution.MethodInvocation.proceed(MethodInvocation.java:60)\n\tat org.junit.jupiter.engine.execution.InvocationInterceptorChain$ValidatingInvocation.proceed(InvocationInterceptorChain.java:131)\n\tat org.junit.jupiter.api.extension.InvocationInterceptor.interceptTestMethod(InvocationInterceptor.java:118)\n\tat org.junit.jupiter.engine.execution.InterceptingExecutableInvoker$ReflectiveInterceptorCall.lambda$ofVoidMethod$0(InterceptingExecutableInvoker.java:103)\n\tat org.junit.jupiter.engine.execution.InterceptingExecutableInvoker.lambda$invoke$0(InterceptingExecutableInvoker.java:93)\n\tat org.junit.jupiter.engine.execution.InvocationInterceptorChain$InterceptedInvocation.proceed(InvocationInterceptorChain.java:106)\n\tat org.junit.jupiter.engine.extension.TimeoutExtension.intercept(TimeoutExtension.java:149)\n\tat org.junit.jupiter.engine.extension.TimeoutExtension.interceptTestableMethod(TimeoutExtension.java:140)\n\tat org.junit.jupiter.engine.extension.TimeoutExtension.interceptTestMethod(TimeoutExtension.java:84)\n\tat org.junit.jupiter.engine.execution.InterceptingExecutableInvoker$ReflectiveInterceptorCall.lambda$ofVoidMethod$0(InterceptingExecutableInvoker.java:103)\n\tat org.junit.jupiter.engine.execution.InterceptingExecutableInvoker.lambda$invoke$0(InterceptingExecutableInvoker.java:93)\n\tat org.junit.jupiter.engine.execution.InvocationInterceptorChain$InterceptedInvocation.proceed(InvocationInterceptorChain.java:106)\n\tat org.junit.jupiter.engine.execution.InvocationInterceptorChain.proceed(InvocationInterceptorChain.java:64)\n\tat org.junit.jupiter.engine.execution.InvocationInterceptorChain.chainAndInvoke(InvocationInterceptorChain.java:45)\n\tat org.junit.jupiter.engine.execution.InvocationInterceptorChain.invoke(InvocationInterceptorChain.java:37)\n\tat org.junit.jupiter.engine.execution.InterceptingExecutableInvoker.invoke(InterceptingExecutableInvoker.java:92)\n\tat org.junit.jupiter.engine.execution.InterceptingExecutableInvoker.invoke(InterceptingExecutableInvoker.java:86)\n\tat org.junit.jupiter.engine.descriptor.TestMethodTestDescriptor.lambda$invokeTestMethod$7(TestMethodTestDescriptor.java:217)\n\tat org.junit.platform.engine.support.hierarchical.ThrowableCollector.execute(ThrowableCollector.java:73)\n\tat org.junit.jupiter.engine.descriptor.TestMethodTestDescriptor.invokeTestMethod(TestMethodTestDescriptor.java:213)\n\tat org.junit.jupiter.engine.descriptor.TestMethodTestDescriptor.execute(TestMethodTestDescriptor.java:138)\n\tat org.junit.jupiter.engine.descriptor.TestMethodTestDescriptor.execute(TestMethodTestDescriptor.java:68)\n\tat org.junit.platform.engine.support.hierarchical.NodeTestTask.lambda$executeRecursively$5(NodeTestTask.java:139)\n\tat org.junit.platform.engine.support.hierarchical.ThrowableCollector.execute(ThrowableCollector.java:73)\n\tat org.junit.platform.engine.support.hierarchical.NodeTestTask.lambda$executeRecursively$7(NodeTestTask.java:129)\n\tat org.junit.platform.engine.support.hierarchical.Node.around(Node.java:137)\n\tat org.junit.platform.engine.support.hierarchical.NodeTestTask.lambda$executeRecursively$8(NodeTestTask.java:127)\n\tat org.junit.platform.engine.support.hierarchical.ThrowableCollector.execute(ThrowableCollector.java:73)\n\tat org.junit.platform.engine.support.hierarchical.NodeTestTask.executeRecursively(NodeTestTask.java:126)\n\tat org.junit.platform.engine.support.hierarchical.NodeTestTask.execute(NodeTestTask.java:84)\n\tat org.junit.platform.engine.support.hierarchical.ForkJoinPoolHierarchicalTestExecutorService$ExclusiveTask.compute(ForkJoinPoolHierarchicalTestExecutorService.java:185)\n\tat org.junit.platform.engine.support.hierarchical.ForkJoinPoolHierarchicalTestExecutorService.executeNonConcurrentTasks(ForkJoinPoolHierarchicalTestExecutorService.java:155)\n\tat org.junit.platform.engine.support.hierarchical.ForkJoinPoolHierarchicalTestExecutorService.invokeAll(ForkJoinPoolHierarchicalTestExecutorService.java:135)\n\tat org.junit.platform.engine.support.hierarchical.NodeTestTask.lambda$executeRecursively$5(NodeTestTask.java:143)\n\tat org.junit.platform.engine.support.hierarchical.ThrowableCollector.execute(ThrowableCollector.java:73)\n\tat org.junit.platform.engine.support.hierarchical.NodeTestTask.lambda$executeRecursively$7(NodeTestTask.java:129)\n\tat org.junit.platform.engine.support.hierarchical.Node.around(Node.java:137)\n\tat org.junit.platform.engine.support.hierarchical.NodeTestTask.lambda$executeRecursively$8(NodeTestTask.java:127)\n\tat org.junit.platform.engine.support.hierarchical.ThrowableCollector.execute(ThrowableCollector.java:73)\n\tat org.junit.platform.engine.support.hierarchical.NodeTestTask.executeRecursively(NodeTestTask.java:126)\n\tat org.junit.platform.engine.support.hierarchical.NodeTestTask.execute(NodeTestTask.java:84)\n\tat org.junit.platform.engine.support.hierarchical.ForkJoinPoolHierarchicalTestExecutorService$ExclusiveTask.compute(ForkJoinPoolHierarchicalTestExecutorService.java:185)\n\tat org.junit.platform.engine.support.hierarchical.ForkJoinPoolHierarchicalTestExecutorService.executeNonConcurrentTasks(ForkJoinPoolHierarchicalTestExecutorService.java:155)\n\tat org.junit.platform.engine.support.hierarchical.ForkJoinPoolHierarchicalTestExecutorService.invokeAll(ForkJoinPoolHierarchicalTestExecutorService.java:135)\n\tat org.junit.platform.engine.support.hierarchical.NodeTestTask.lambda$executeRecursively$5(NodeTestTask.java:143)\n\tat org.junit.platform.engine.support.hierarchical.ThrowableCollector.execute(ThrowableCollector.java:73)\n\tat org.junit.platform.engine.support.hierarchical.NodeTestTask.lambda$executeRecursively$7(NodeTestTask.java:129)\n\tat org.junit.platform.engine.support.hierarchical.Node.around(Node.java:137)\n\tat org.junit.platform.engine.support.hierarchical.NodeTestTask.lambda$executeRecursively$8(NodeTestTask.java:127)\n\tat org.junit.platform.engine.support.hierarchical.ThrowableCollector.execute(ThrowableCollector.java:73)\n\tat org.junit.platform.engine.support.hierarchical.NodeTestTask.executeRecursively(NodeTestTask.java:126)\n\tat org.junit.platform.engine.support.hierarchical.NodeTestTask.execute(NodeTestTask.java:84)\n\tat org.junit.platform.engine.support.hierarchical.ForkJoinPoolHierarchicalTestExecutorService$ExclusiveTask.compute(ForkJoinPoolHierarchicalTestExecutorService.java:185)\n\tat java.base/java.util.concurrent.RecursiveAction.exec(RecursiveAction.java:194)\n\tat java.base/java.util.concurrent.ForkJoinTask.doExec(ForkJoinTask.java:295)\n\tat java.base/java.util.concurrent.ForkJoinPool$WorkQueue.topLevelExec(ForkJoinPool.java:1016)\n\tat java.base/java.util.concurrent.ForkJoinPool.scan(ForkJoinPool.java:1665)\n\tat java.base/java.util.concurrent.ForkJoinPool.runWorker(ForkJoinPool.java:1598)\n\tat java.base/java.util.concurrent.ForkJoinWorkerThread.run(ForkJoinWorkerThread.java:183)\nCaused by: org.openqa.selenium.NoSuchElementException: no such element: Unable to locate element: {\"method\":\"xpath\",\"selector\":\"//*[@class=\"notices success green\"]/p\"}\n  (Session info: headless chrome=102.0.5005.115)\nFor documentation on this error, please visit: https://www.seleniumhq.org/exceptions/no_such_element.html\nBuild info: version: '3.141.59', revision: 'e82be7d358', time: '2018-11-14T08:17:03'\nSystem info: host: 'fv-az296-399', ip: '10.1.0.81', os.name: 'Linux', os.arch: 'amd64', os.version: '5.13.0-1029-azure', java.version: '16.0.2'\nDriver info: org.openqa.selenium.chrome.ChromeDriver\nCapabilities {acceptInsecureCerts: false, browserName: chrome, browserVersion: 102.0.5005.115, chrome: {chromedriverVersion: 102.0.5005.61 (0e59bcc00cc4..., userDataDir: /tmp/.com.google.Chrome.eFwr1S}, goog:chromeOptions: {debuggerAddress: localhost:36305}, javascriptEnabled: true, networkConnectionEnabled: false, pageLoadStrategy: normal, platform: LINUX, platformName: LINUX, proxy: Proxy(), setWindowRect: true, strictFileInteractability: false, timeouts: {implicit: 0, pageLoad: 300000, script: 30000}, unhandledPromptBehavior: dismiss and notify, webauthn:extension:credBlob: true, webauthn:extension:largeBlob: true, webauthn:virtualAuthenticators: true}\nSession ID: 673354d9c117032f03d61f9b161dc5ec\n*** Element info: {Using=xpath, value=//*[@class=\"notices success green\"]/p}\n\tat java.base/jdk.internal.reflect.NativeConstructorAccessorImpl.newInstance0(Native Method)\n\tat java.base/jdk.internal.reflect.NativeConstructorAccessorImpl.newInstance(NativeConstructorAccessorImpl.java:78)\n\tat java.base/jdk.internal.reflect.DelegatingConstructorAccessorImpl.newInstance(DelegatingConstructorAccessorImpl.java:45)\n\tat java.base/java.lang.reflect.Constructor.newInstanceWithCaller(Constructor.java:499)\n\tat java.base/java.lang.reflect.Constructor.newInstance(Constructor.java:480)\n\tat org.openqa.selenium.remote.http.W3CHttpResponseCodec.createException(W3CHttpResponseCodec.java:187)\n\tat org.openqa.selenium.remote.http.W3CHttpResponseCodec.decode(W3CHttpResponseCodec.java:122)\n\tat org.openqa.selenium.remote.http.W3CHttpResponseCodec.decode(W3CHttpResponseCodec.java:49)\n\tat org.openqa.selenium.remote.HttpCommandExecutor.execute(HttpCommandExecutor.java:158)\n\tat org.openqa.selenium.remote.service.DriverCommandExecutor.execute(DriverCommandExecutor.java:83)\n\tat org.openqa.selenium.remote.RemoteWebDriver.execute(RemoteWebDriver.java:552)\n\tat org.openqa.selenium.remote.RemoteWebDriver.findElement(RemoteWebDriver.java:323)\n\tat org.openqa.selenium.remote.RemoteWebDriver.findElementByXPath(RemoteWebDriver.java:428)\n\tat org.openqa.selenium.By$ByXPath.findElement(By.java:353)\n\tat org.openqa.selenium.remote.RemoteWebDriver.findElement(RemoteWebDriver.java:315)\n\tat org.openqa.selenium.support.ui.ExpectedConditions$7.apply(ExpectedConditions.java:205)\n\tat org.openqa.selenium.support.ui.ExpectedConditions$7.apply(ExpectedConditions.java:201)\n\tat org.openqa.selenium.support.ui.FluentWait.until(FluentWait.java:249)\n\t... 65 more\n","flaky":false,"newFailed":false,"newBroken":false,"newPassed":false,"retriesCount":0,"retriesStatusChange":false,"beforeStages":[{"name":"setup","time":{"start":1655655119226,"stop":1655655119500,"duration":274},"status":"passed","steps":[],"attachments":[],"parameters":[],"stepsCount":0,"attachmentsCount":0,"shouldDisplayMessage":false,"hasContent":false}],"afterStages":[{"name":"close","time":{"start":1655655146322,"stop":1655655146383,"duration":61},"status":"passed","steps":[],"attachments":[],"parameters":[],"stepsCount":0,"attachmentsCount":0,"shouldDisplayMessage":false,"hasContent":false}],"labels":[{"name":"story","value":"Test user registration"},{"name":"host","value":"fv-az296-399"},{"name":"thread","value":"4742@fv-az296-399.ForkJoinPool-1-worker-3(16)"},{"name":"framework","value":"junit-platform"},{"name":"language","value":"java"},{"name":"package","value":"TestUserRegister"},{"name":"testClass","value":"TestUserRegister"},{"name":"testMethod","value":"userRegistrationTest"},{"name":"suite","value":"TestUserRegister"},{"name":"severity","value":"critical"},{"name":"resultFormat","value":"allure2"}],"parameters":[],"links":[],"hidden":false,"retry":false,"extra":{"severity":"critical","retries":[],"categories":[{"name":"Test defects","matchedStatuses":[],"flaky":false}],"history":{"statistic":{"failed":0,"broken":17,"skipped":0,"passed":0,"unknown":0,"total":17},"items":[{"uid":"34aea6b7d4ca82e3","reportUrl":"https://funakattila.github.io/srkga/21//#testresult/34aea6b7d4ca82e3","status":"broken","statusDetails":"Expected condition failed: waiting for visibility of element located by By.xpath: //*[@class=\"notices success green\"]/p (tried for 20 second(s) with 500 milliseconds interval)","time":{"start":1655653697817,"stop":1655653724680,"duration":26863}},{"uid":"2561c52aeff42c18","reportUrl":"https://funakattila.github.io/srkga/21//#testresult/2561c52aeff42c18","status":"broken","statusDetails":"Expected condition failed: waiting for visibility of element located by By.xpath: //*[@class=\"notices success green\"]/p (tried for 20 second(s) with 500 milliseconds interval)","time":{"start":1655652884358,"stop":1655652910896,"duration":26538}},{"uid":"cdee033939420352","reportUrl":"https://funakattila.github.io/srkga/20//#testresult/cdee033939420352","status":"broken","statusDetails":"Expected condition failed: waiting for visibility of element located by By.xpath: //*[@class=\"notices success green\"]/p (tried for 20 second(s) with 500 milliseconds interval)","time":{"start":1655645280339,"stop":1655645307208,"duration":26869}},{"uid":"6a53d308e4376141","reportUrl":"https://funakattila.github.io/srkga/19//#testresult/6a53d308e4376141","status":"broken","statusDetails":"Expected condition failed: waiting for visibility of element located by By.xpath: //*[@class=\"notices success green\"]/p (tried for 20 second(s) with 500 milliseconds interval)","time":{"start":1655641854739,"stop":1655641881405,"duration":26666}},{"uid":"38ce8ce6f4609e7","reportUrl":"https://funakattila.github.io/srkga/18//#testresult/38ce8ce6f4609e7","status":"broken","statusDetails":"Expected condition failed: waiting for visibility of element located by By.xpath: //*[@class=\"notices success green\"]/p (tried for 20 second(s) with 500 milliseconds interval)","time":{"start":1655637049064,"stop":1655637075273,"duration":26209}},{"uid":"c91f2d77d49c0563","reportUrl":"https://funakattila.github.io/srkga/17//#testresult/c91f2d77d49c0563","status":"broken","statusDetails":"Expected condition failed: waiting for visibility of element located by By.xpath: //*[@class=\"notices success green\"]/p (tried for 20 second(s) with 500 milliseconds interval)","time":{"start":1655635763974,"stop":1655635790198,"duration":26224}},{"uid":"35b86c6c86db010a","reportUrl":"https://funakattila.github.io/srkga/16//#testresult/35b86c6c86db010a","status":"broken","statusDetails":"Expected condition failed: waiting for visibility of element located by By.xpath: //*[@class=\"notices success green\"]/p (tried for 20 second(s) with 500 milliseconds interval)","time":{"start":1655632846796,"stop":1655632873049,"duration":26253}},{"uid":"974422e08bf6075e","reportUrl":"https://funakattila.github.io/srkga/15//#testresult/974422e08bf6075e","status":"broken","statusDetails":"Expected condition failed: waiting for visibility of element located by By.xpath: //*[@class=\"notices success green\"]/p (tried for 20 second(s) with 500 milliseconds interval)","time":{"start":1655554238762,"stop":1655554265467,"duration":26705}},{"uid":"7a6645e7b60d1b4d","reportUrl":"https://funakattila.github.io/srkga/14//#testresult/7a6645e7b60d1b4d","status":"broken","statusDetails":"Expected condition failed: waiting for visibility of element located by By.xpath: //*[@class=\"notices success green\"]/p (tried for 20 second(s) with 500 milliseconds interval)","time":{"start":1655324594553,"stop":1655324620788,"duration":26235}},{"uid":"9b9841f8924a2577","reportUrl":"https://funakattila.github.io/srkga/13//#testresult/9b9841f8924a2577","status":"broken","statusDetails":"Expected condition failed: waiting for visibility of element located by By.xpath: //*[@class=\"notices success green\"]/p (tried for 20 second(s) with 500 milliseconds interval)","time":{"start":1655147730420,"stop":1655147757648,"duration":27228}},{"uid":"c4b36ba70e5ec5a7","reportUrl":"https://funakattila.github.io/srkga/13//#testresult/c4b36ba70e5ec5a7","status":"broken","statusDetails":"Expected condition failed: waiting for visibility of element located by By.xpath: //*[@class=\"notices success green\"]/p (tried for 20 second(s) with 500 milliseconds interval)","time":{"start":1655147228248,"stop":1655147254807,"duration":26559}},{"uid":"d22eb042c5ae88b7","reportUrl":"https://funakattila.github.io/srkga/12//#testresult/d22eb042c5ae88b7","status":"broken","statusDetails":"Expected condition failed: waiting for visibility of element located by By.xpath: //*[@class=\"notices success green\"]/p (tried for 20 second(s) with 500 milliseconds interval)","time":{"start":1654543166922,"stop":1654543195190,"duration":28268}},{"uid":"76763041f11b65d0","reportUrl":"https://funakattila.github.io/srkga/11//#testresult/76763041f11b65d0","status":"broken","statusDetails":"Expected condition failed: waiting for visibility of element located by By.xpath: //*[@class=\"notices success green\"]/p (tried for 20 second(s) with 500 milliseconds interval)","time":{"start":1654371678394,"stop":1654371705799,"duration":27405}},{"uid":"240dcae0b07ed2d1","reportUrl":"https://funakattila.github.io/srkga/10//#testresult/240dcae0b07ed2d1","status":"broken","statusDetails":"no such element: Unable to locate element: {\"method\":\"xpath\",\"selector\":\"//*[@class=\"notices success green\"]/p\"}\n  (Session info: headless chrome=102.0.5005.61)\nFor documentation on this error, please visit: https://www.seleniumhq.org/exceptions/no_such_element.html\nBuild info: version: '3.141.59', revision: 'e82be7d358', time: '2018-11-14T08:17:03'\nSystem info: host: 'fv-az36-312', ip: '10.1.0.55', os.name: 'Linux', os.arch: 'amd64', os.version: '5.13.0-1025-azure', java.version: '16.0.2'\nDriver info: org.openqa.selenium.chrome.ChromeDriver\nCapabilities {acceptInsecureCerts: false, browserName: chrome, browserVersion: 102.0.5005.61, chrome: {chromedriverVersion: 102.0.5005.61 (0e59bcc00cc4..., userDataDir: /tmp/.com.google.Chrome.V8woK1}, goog:chromeOptions: {debuggerAddress: localhost:41625}, javascriptEnabled: true, networkConnectionEnabled: false, pageLoadStrategy: normal, platform: LINUX, platformName: LINUX, proxy: Proxy(), setWindowRect: true, strictFileInteractability: false, timeouts: {implicit: 0, pageLoad: 300000, script: 30000}, unhandledPromptBehavior: dismiss and notify, webauthn:extension:credBlob: true, webauthn:extension:largeBlob: true, webauthn:virtualAuthenticators: true}\nSession ID: 3caa631f6d7c953f48eb58e9ab92ff9f\n*** Element info: {Using=xpath, value=//*[@class=\"notices success green\"]/p}","time":{"start":1654371019369,"stop":1654371046443,"duration":27074}},{"uid":"f3322c5e28e1a9f5","reportUrl":"https://funakattila.github.io/srkga/10//#testresult/f3322c5e28e1a9f5","status":"broken","statusDetails":"no such element: Unable to locate element: {\"method\":\"xpath\",\"selector\":\"//*[@class=\"notices success green\"]/p\"}\n  (Session info: headless chrome=102.0.5005.61)\nFor documentation on this error, please visit: https://www.seleniumhq.org/exceptions/no_such_element.html\nBuild info: version: '3.141.59', revision: 'e82be7d358', time: '2018-11-14T08:17:03'\nSystem info: host: 'fv-az82-486', ip: '10.1.0.139', os.name: 'Linux', os.arch: 'amd64', os.version: '5.13.0-1025-azure', java.version: '16.0.2'\nDriver info: org.openqa.selenium.chrome.ChromeDriver\nCapabilities {acceptInsecureCerts: false, browserName: chrome, browserVersion: 102.0.5005.61, chrome: {chromedriverVersion: 102.0.5005.61 (0e59bcc00cc4..., userDataDir: /tmp/.com.google.Chrome.liqwd9}, goog:chromeOptions: {debuggerAddress: localhost:40609}, javascriptEnabled: true, networkConnectionEnabled: false, pageLoadStrategy: normal, platform: LINUX, platformName: LINUX, proxy: Proxy(), setWindowRect: true, strictFileInteractability: false, timeouts: {implicit: 0, pageLoad: 300000, script: 30000}, unhandledPromptBehavior: dismiss and notify, webauthn:extension:credBlob: true, webauthn:extension:largeBlob: true, webauthn:virtualAuthenticators: true}\nSession ID: 59c19697689a82b6fd022797e389954d\n*** Element info: {Using=xpath, value=//*[@class=\"notices success green\"]/p}","time":{"start":1654370537904,"stop":1654370566039,"duration":28135}},{"uid":"4ce77bff71e701dd","reportUrl":"https://funakattila.github.io/srkga/9//#testresult/4ce77bff71e701dd","status":"broken","statusDetails":"unknown error: Chrome failed to start: exited abnormally.\n  (unknown error: DevToolsActivePort file doesn't exist)\n  (The process started from chrome location /usr/bin/google-chrome is no longer running, so ChromeDriver is assuming that Chrome has crashed.)\nBuild info: version: '3.141.59', revision: 'e82be7d358', time: '2018-11-14T08:17:03'\nSystem info: host: 'fv-az39-388', ip: '10.1.0.53', os.name: 'Linux', os.arch: 'amd64', os.version: '5.13.0-1025-azure', java.version: '16.0.2'\nDriver info: driver.version: ChromeDriver\nremote stacktrace: #0 0x55edb50a6f33 <unknown>\n#1 0x55edb4df1118 <unknown>\n#2 0x55edb4e14678 <unknown>\n#3 0x55edb4e0fd5a <unknown>\n#4 0x55edb4e4ad3a <unknown>\n#5 0x55edb4e44e63 <unknown>\n#6 0x55edb4e1a82a <unknown>\n#7 0x55edb4e1b985 <unknown>\n#8 0x55edb50eb4cd <unknown>\n#9 0x55edb50ef5ec <unknown>\n#10 0x55edb50d571e <unknown>\n#11 0x55edb50f0238 <unknown>\n#12 0x55edb50ca870 <unknown>\n#13 0x55edb510c608 <unknown>\n#14 0x55edb510c788 <unknown>\n#15 0x55edb5126f1d <unknown>\n#16 0x7ff34c050609 <unknown>\n","time":{"start":1654370081928,"stop":1654370083121,"duration":1193}}]},"tags":[]},"source":"4d0bb4361509badd.json","parameterValues":[]}