{"uid":"7aa21aa224cfc40d","name":"TestDeleteBlogEntry()","fullName":"EditBlogEntryPageTest.TestDeleteBlogEntry","historyId":"22d336a634bd59e80d048928ce11ced4","time":{"start":1656946800167,"stop":1656946800312,"duration":145},"description":"Test Case 20","descriptionHtml":"<p>Test Case 20</p>\n","status":"broken","statusMessage":"unknown error: Chrome failed to start: exited abnormally.\n  (unknown error: DevToolsActivePort file doesn't exist)\n  (The process started from chrome location /usr/bin/google-chrome is no longer running, so ChromeDriver is assuming that Chrome has crashed.)\nBuild info: version: '3.141.59', revision: 'e82be7d358', time: '2018-11-14T08:17:03'\nSystem info: host: 'fv-az190-632', ip: '10.1.1.22', os.name: 'Linux', os.arch: 'amd64', os.version: '5.13.0-1031-azure', java.version: '16.0.2'\nDriver info: driver.version: ChromeDriver\nremote stacktrace: #0 0x55bf9b851b13 <unknown>\n#1 0x55bf9b658688 <unknown>\n#2 0x55bf9b67cf1f <unknown>\n#3 0x55bf9b6785aa <unknown>\n#4 0x55bf9b6b364a <unknown>\n#5 0x55bf9b6ad7a3 <unknown>\n#6 0x55bf9b6830ea <unknown>\n#7 0x55bf9b684225 <unknown>\n#8 0x55bf9b8992dd <unknown>\n#9 0x55bf9b89d2c7 <unknown>\n#10 0x55bf9b88322e <unknown>\n#11 0x55bf9b89e0a8 <unknown>\n#12 0x55bf9b877bc0 <unknown>\n#13 0x55bf9b8ba6c8 <unknown>\n#14 0x55bf9b8ba848 <unknown>\n#15 0x55bf9b8d4c0d <unknown>\n#16 0x7fe51c746609 <unknown>\n","statusTrace":"org.openqa.selenium.WebDriverException: unknown error: Chrome failed to start: exited abnormally.\n  (unknown error: DevToolsActivePort file doesn't exist)\n  (The process started from chrome location /usr/bin/google-chrome is no longer running, so ChromeDriver is assuming that Chrome has crashed.)\nBuild info: version: '3.141.59', revision: 'e82be7d358', time: '2018-11-14T08:17:03'\nSystem info: host: 'fv-az190-632', ip: '10.1.1.22', os.name: 'Linux', os.arch: 'amd64', os.version: '5.13.0-1031-azure', java.version: '16.0.2'\nDriver info: driver.version: ChromeDriver\nremote stacktrace: #0 0x55bf9b851b13 <unknown>\n#1 0x55bf9b658688 <unknown>\n#2 0x55bf9b67cf1f <unknown>\n#3 0x55bf9b6785aa <unknown>\n#4 0x55bf9b6b364a <unknown>\n#5 0x55bf9b6ad7a3 <unknown>\n#6 0x55bf9b6830ea <unknown>\n#7 0x55bf9b684225 <unknown>\n#8 0x55bf9b8992dd <unknown>\n#9 0x55bf9b89d2c7 <unknown>\n#10 0x55bf9b88322e <unknown>\n#11 0x55bf9b89e0a8 <unknown>\n#12 0x55bf9b877bc0 <unknown>\n#13 0x55bf9b8ba6c8 <unknown>\n#14 0x55bf9b8ba848 <unknown>\n#15 0x55bf9b8d4c0d <unknown>\n#16 0x7fe51c746609 <unknown>\n\n\tat java.base/jdk.internal.reflect.NativeConstructorAccessorImpl.newInstance0(Native Method)\n\tat java.base/jdk.internal.reflect.NativeConstructorAccessorImpl.newInstance(NativeConstructorAccessorImpl.java:78)\n\tat java.base/jdk.internal.reflect.DelegatingConstructorAccessorImpl.newInstance(DelegatingConstructorAccessorImpl.java:45)\n\tat java.base/java.lang.reflect.Constructor.newInstanceWithCaller(Constructor.java:499)\n\tat java.base/java.lang.reflect.Constructor.newInstance(Constructor.java:480)\n\tat org.openqa.selenium.remote.W3CHandshakeResponse.lambda$errorHandler$0(W3CHandshakeResponse.java:62)\n\tat org.openqa.selenium.remote.HandshakeResponse.lambda$getResponseFunction$0(HandshakeResponse.java:30)\n\tat org.openqa.selenium.remote.ProtocolHandshake.lambda$createSession$0(ProtocolHandshake.java:126)\n\tat java.base/java.util.stream.ReferencePipeline$3$1.accept(ReferencePipeline.java:197)\n\tat java.base/java.util.Spliterators$ArraySpliterator.tryAdvance(Spliterators.java:958)\n\tat java.base/java.util.stream.ReferencePipeline.forEachWithCancel(ReferencePipeline.java:129)\n\tat java.base/java.util.stream.AbstractPipeline.copyIntoWithCancel(AbstractPipeline.java:502)\n\tat java.base/java.util.stream.AbstractPipeline.copyInto(AbstractPipeline.java:488)\n\tat java.base/java.util.stream.AbstractPipeline.wrapAndCopyInto(AbstractPipeline.java:474)\n\tat java.base/java.util.stream.FindOps$FindOp.evaluateSequential(FindOps.java:150)\n\tat java.base/java.util.stream.AbstractPipeline.evaluate(AbstractPipeline.java:234)\n\tat java.base/java.util.stream.ReferencePipeline.findFirst(ReferencePipeline.java:647)\n\tat org.openqa.selenium.remote.ProtocolHandshake.createSession(ProtocolHandshake.java:128)\n\tat org.openqa.selenium.remote.ProtocolHandshake.createSession(ProtocolHandshake.java:74)\n\tat org.openqa.selenium.remote.HttpCommandExecutor.execute(HttpCommandExecutor.java:136)\n\tat org.openqa.selenium.remote.service.DriverCommandExecutor.execute(DriverCommandExecutor.java:83)\n\tat org.openqa.selenium.remote.RemoteWebDriver.execute(RemoteWebDriver.java:552)\n\tat org.openqa.selenium.remote.RemoteWebDriver.startSession(RemoteWebDriver.java:213)\n\tat org.openqa.selenium.remote.RemoteWebDriver.<init>(RemoteWebDriver.java:131)\n\tat org.openqa.selenium.chrome.ChromeDriver.<init>(ChromeDriver.java:181)\n\tat org.openqa.selenium.chrome.ChromeDriver.<init>(ChromeDriver.java:168)\n\tat org.openqa.selenium.chrome.ChromeDriver.<init>(ChromeDriver.java:157)\n\tat BaseTest.Setup(BaseTest.java:34)\n\tat java.base/jdk.internal.reflect.NativeMethodAccessorImpl.invoke0(Native Method)\n\tat java.base/jdk.internal.reflect.NativeMethodAccessorImpl.invoke(NativeMethodAccessorImpl.java:78)\n\tat java.base/jdk.internal.reflect.DelegatingMethodAccessorImpl.invoke(DelegatingMethodAccessorImpl.java:43)\n\tat java.base/java.lang.reflect.Method.invoke(Method.java:567)\n\tat org.junit.platform.commons.util.ReflectionUtils.invokeMethod(ReflectionUtils.java:725)\n\tat org.junit.jupiter.engine.execution.MethodInvocation.proceed(MethodInvocation.java:60)\n\tat org.junit.jupiter.engine.execution.InvocationInterceptorChain$ValidatingInvocation.proceed(InvocationInterceptorChain.java:131)\n\tat io.qameta.allure.junit5.AllureJunit5.processFixture(AllureJunit5.java:87)\n\tat io.qameta.allure.junit5.AllureJunit5.interceptBeforeEachMethod(AllureJunit5.java:65)\n\tat org.junit.jupiter.engine.execution.InterceptingExecutableInvoker$ReflectiveInterceptorCall.lambda$ofVoidMethod$0(InterceptingExecutableInvoker.java:103)\n\tat org.junit.jupiter.engine.execution.InterceptingExecutableInvoker.lambda$invoke$0(InterceptingExecutableInvoker.java:93)\n\tat org.junit.jupiter.engine.execution.InvocationInterceptorChain$InterceptedInvocation.proceed(InvocationInterceptorChain.java:106)\n\tat org.junit.jupiter.engine.extension.TimeoutExtension.intercept(TimeoutExtension.java:149)\n\tat org.junit.jupiter.engine.extension.TimeoutExtension.interceptLifecycleMethod(TimeoutExtension.java:126)\n\tat org.junit.jupiter.engine.extension.TimeoutExtension.interceptBeforeEachMethod(TimeoutExtension.java:76)\n\tat org.junit.jupiter.engine.execution.InterceptingExecutableInvoker$ReflectiveInterceptorCall.lambda$ofVoidMethod$0(InterceptingExecutableInvoker.java:103)\n\tat org.junit.jupiter.engine.execution.InterceptingExecutableInvoker.lambda$invoke$0(InterceptingExecutableInvoker.java:93)\n\tat org.junit.jupiter.engine.execution.InvocationInterceptorChain$InterceptedInvocation.proceed(InvocationInterceptorChain.java:106)\n\tat org.junit.jupiter.engine.execution.InvocationInterceptorChain.proceed(InvocationInterceptorChain.java:64)\n\tat org.junit.jupiter.engine.execution.InvocationInterceptorChain.chainAndInvoke(InvocationInterceptorChain.java:45)\n\tat org.junit.jupiter.engine.execution.InvocationInterceptorChain.invoke(InvocationInterceptorChain.java:37)\n\tat org.junit.jupiter.engine.execution.InterceptingExecutableInvoker.invoke(InterceptingExecutableInvoker.java:92)\n\tat org.junit.jupiter.engine.execution.InterceptingExecutableInvoker.invoke(InterceptingExecutableInvoker.java:86)\n\tat org.junit.jupiter.engine.descriptor.ClassBasedTestDescriptor.invokeMethodInExtensionContext(ClassBasedTestDescriptor.java:520)\n\tat org.junit.jupiter.engine.descriptor.ClassBasedTestDescriptor.lambda$synthesizeBeforeEachMethodAdapter$23(ClassBasedTestDescriptor.java:505)\n\tat org.junit.jupiter.engine.descriptor.TestMethodTestDescriptor.lambda$invokeBeforeEachMethods$3(TestMethodTestDescriptor.java:174)\n\tat org.junit.jupiter.engine.descriptor.TestMethodTestDescriptor.lambda$invokeBeforeMethodsOrCallbacksUntilExceptionOccurs$6(TestMethodTestDescriptor.java:202)\n\tat org.junit.platform.engine.support.hierarchical.ThrowableCollector.execute(ThrowableCollector.java:73)\n\tat org.junit.jupiter.engine.descriptor.TestMethodTestDescriptor.invokeBeforeMethodsOrCallbacksUntilExceptionOccurs(TestMethodTestDescriptor.java:202)\n\tat org.junit.jupiter.engine.descriptor.TestMethodTestDescriptor.invokeBeforeEachMethods(TestMethodTestDescriptor.java:171)\n\tat org.junit.jupiter.engine.descriptor.TestMethodTestDescriptor.execute(TestMethodTestDescriptor.java:134)\n\tat org.junit.jupiter.engine.descriptor.TestMethodTestDescriptor.execute(TestMethodTestDescriptor.java:68)\n\tat org.junit.platform.engine.support.hierarchical.NodeTestTask.lambda$executeRecursively$5(NodeTestTask.java:139)\n\tat org.junit.platform.engine.support.hierarchical.ThrowableCollector.execute(ThrowableCollector.java:73)\n\tat org.junit.platform.engine.support.hierarchical.NodeTestTask.lambda$executeRecursively$7(NodeTestTask.java:129)\n\tat org.junit.platform.engine.support.hierarchical.Node.around(Node.java:137)\n\tat org.junit.platform.engine.support.hierarchical.NodeTestTask.lambda$executeRecursively$8(NodeTestTask.java:127)\n\tat org.junit.platform.engine.support.hierarchical.ThrowableCollector.execute(ThrowableCollector.java:73)\n\tat org.junit.platform.engine.support.hierarchical.NodeTestTask.executeRecursively(NodeTestTask.java:126)\n\tat org.junit.platform.engine.support.hierarchical.NodeTestTask.execute(NodeTestTask.java:84)\n\tat org.junit.platform.engine.support.hierarchical.ForkJoinPoolHierarchicalTestExecutorService$ExclusiveTask.compute(ForkJoinPoolHierarchicalTestExecutorService.java:185)\n\tat org.junit.platform.engine.support.hierarchical.ForkJoinPoolHierarchicalTestExecutorService.executeNonConcurrentTasks(ForkJoinPoolHierarchicalTestExecutorService.java:155)\n\tat org.junit.platform.engine.support.hierarchical.ForkJoinPoolHierarchicalTestExecutorService.invokeAll(ForkJoinPoolHierarchicalTestExecutorService.java:135)\n\tat org.junit.platform.engine.support.hierarchical.NodeTestTask.lambda$executeRecursively$5(NodeTestTask.java:143)\n\tat org.junit.platform.engine.support.hierarchical.ThrowableCollector.execute(ThrowableCollector.java:73)\n\tat org.junit.platform.engine.support.hierarchical.NodeTestTask.lambda$executeRecursively$7(NodeTestTask.java:129)\n\tat org.junit.platform.engine.support.hierarchical.Node.around(Node.java:137)\n\tat org.junit.platform.engine.support.hierarchical.NodeTestTask.lambda$executeRecursively$8(NodeTestTask.java:127)\n\tat org.junit.platform.engine.support.hierarchical.ThrowableCollector.execute(ThrowableCollector.java:73)\n\tat org.junit.platform.engine.support.hierarchical.NodeTestTask.executeRecursively(NodeTestTask.java:126)\n\tat org.junit.platform.engine.support.hierarchical.NodeTestTask.execute(NodeTestTask.java:84)\n\tat org.junit.platform.engine.support.hierarchical.ForkJoinPoolHierarchicalTestExecutorService$ExclusiveTask.compute(ForkJoinPoolHierarchicalTestExecutorService.java:185)\n\tat org.junit.platform.engine.support.hierarchical.ForkJoinPoolHierarchicalTestExecutorService.executeNonConcurrentTasks(ForkJoinPoolHierarchicalTestExecutorService.java:155)\n\tat org.junit.platform.engine.support.hierarchical.ForkJoinPoolHierarchicalTestExecutorService.invokeAll(ForkJoinPoolHierarchicalTestExecutorService.java:135)\n\tat org.junit.platform.engine.support.hierarchical.NodeTestTask.lambda$executeRecursively$5(NodeTestTask.java:143)\n\tat org.junit.platform.engine.support.hierarchical.ThrowableCollector.execute(ThrowableCollector.java:73)\n\tat org.junit.platform.engine.support.hierarchical.NodeTestTask.lambda$executeRecursively$7(NodeTestTask.java:129)\n\tat org.junit.platform.engine.support.hierarchical.Node.around(Node.java:137)\n\tat org.junit.platform.engine.support.hierarchical.NodeTestTask.lambda$executeRecursively$8(NodeTestTask.java:127)\n\tat org.junit.platform.engine.support.hierarchical.ThrowableCollector.execute(ThrowableCollector.java:73)\n\tat org.junit.platform.engine.support.hierarchical.NodeTestTask.executeRecursively(NodeTestTask.java:126)\n\tat org.junit.platform.engine.support.hierarchical.NodeTestTask.execute(NodeTestTask.java:84)\n\tat org.junit.platform.engine.support.hierarchical.ForkJoinPoolHierarchicalTestExecutorService$ExclusiveTask.compute(ForkJoinPoolHierarchicalTestExecutorService.java:185)\n\tat java.base/java.util.concurrent.RecursiveAction.exec(RecursiveAction.java:194)\n\tat java.base/java.util.concurrent.ForkJoinTask.doExec(ForkJoinTask.java:295)\n\tat java.base/java.util.concurrent.ForkJoinPool$WorkQueue.topLevelExec(ForkJoinPool.java:1016)\n\tat java.base/java.util.concurrent.ForkJoinPool.scan(ForkJoinPool.java:1665)\n\tat java.base/java.util.concurrent.ForkJoinPool.runWorker(ForkJoinPool.java:1598)\n\tat java.base/java.util.concurrent.ForkJoinWorkerThread.run(ForkJoinWorkerThread.java:183)\n","flaky":false,"newFailed":false,"newBroken":true,"newPassed":false,"retriesCount":0,"retriesStatusChange":false,"beforeStages":[{"name":"Setup","time":{"start":1656946800168,"stop":1656946800311,"duration":143},"status":"broken","statusMessage":"unknown error: Chrome failed to start: exited abnormally.\n  (unknown error: DevToolsActivePort file doesn't exist)\n  (The process started from chrome location /usr/bin/google-chrome is no longer running, so ChromeDriver is assuming that Chrome has crashed.)\nBuild info: version: '3.141.59', revision: 'e82be7d358', time: '2018-11-14T08:17:03'\nSystem info: host: 'fv-az190-632', ip: '10.1.1.22', os.name: 'Linux', os.arch: 'amd64', os.version: '5.13.0-1031-azure', java.version: '16.0.2'\nDriver info: driver.version: ChromeDriver\nremote stacktrace: #0 0x55bf9b851b13 <unknown>\n#1 0x55bf9b658688 <unknown>\n#2 0x55bf9b67cf1f <unknown>\n#3 0x55bf9b6785aa <unknown>\n#4 0x55bf9b6b364a <unknown>\n#5 0x55bf9b6ad7a3 <unknown>\n#6 0x55bf9b6830ea <unknown>\n#7 0x55bf9b684225 <unknown>\n#8 0x55bf9b8992dd <unknown>\n#9 0x55bf9b89d2c7 <unknown>\n#10 0x55bf9b88322e <unknown>\n#11 0x55bf9b89e0a8 <unknown>\n#12 0x55bf9b877bc0 <unknown>\n#13 0x55bf9b8ba6c8 <unknown>\n#14 0x55bf9b8ba848 <unknown>\n#15 0x55bf9b8d4c0d <unknown>\n#16 0x7fe51c746609 <unknown>\n","statusTrace":"org.openqa.selenium.WebDriverException: unknown error: Chrome failed to start: exited abnormally.\n  (unknown error: DevToolsActivePort file doesn't exist)\n  (The process started from chrome location /usr/bin/google-chrome is no longer running, so ChromeDriver is assuming that Chrome has crashed.)\nBuild info: version: '3.141.59', revision: 'e82be7d358', time: '2018-11-14T08:17:03'\nSystem info: host: 'fv-az190-632', ip: '10.1.1.22', os.name: 'Linux', os.arch: 'amd64', os.version: '5.13.0-1031-azure', java.version: '16.0.2'\nDriver info: driver.version: ChromeDriver\nremote stacktrace: #0 0x55bf9b851b13 <unknown>\n#1 0x55bf9b658688 <unknown>\n#2 0x55bf9b67cf1f <unknown>\n#3 0x55bf9b6785aa <unknown>\n#4 0x55bf9b6b364a <unknown>\n#5 0x55bf9b6ad7a3 <unknown>\n#6 0x55bf9b6830ea <unknown>\n#7 0x55bf9b684225 <unknown>\n#8 0x55bf9b8992dd <unknown>\n#9 0x55bf9b89d2c7 <unknown>\n#10 0x55bf9b88322e <unknown>\n#11 0x55bf9b89e0a8 <unknown>\n#12 0x55bf9b877bc0 <unknown>\n#13 0x55bf9b8ba6c8 <unknown>\n#14 0x55bf9b8ba848 <unknown>\n#15 0x55bf9b8d4c0d <unknown>\n#16 0x7fe51c746609 <unknown>\n\n\tat java.base/jdk.internal.reflect.NativeConstructorAccessorImpl.newInstance0(Native Method)\n\tat java.base/jdk.internal.reflect.NativeConstructorAccessorImpl.newInstance(NativeConstructorAccessorImpl.java:78)\n\tat java.base/jdk.internal.reflect.DelegatingConstructorAccessorImpl.newInstance(DelegatingConstructorAccessorImpl.java:45)\n\tat java.base/java.lang.reflect.Constructor.newInstanceWithCaller(Constructor.java:499)\n\tat java.base/java.lang.reflect.Constructor.newInstance(Constructor.java:480)\n\tat org.openqa.selenium.remote.W3CHandshakeResponse.lambda$errorHandler$0(W3CHandshakeResponse.java:62)\n\tat org.openqa.selenium.remote.HandshakeResponse.lambda$getResponseFunction$0(HandshakeResponse.java:30)\n\tat org.openqa.selenium.remote.ProtocolHandshake.lambda$createSession$0(ProtocolHandshake.java:126)\n\tat java.base/java.util.stream.ReferencePipeline$3$1.accept(ReferencePipeline.java:197)\n\tat java.base/java.util.Spliterators$ArraySpliterator.tryAdvance(Spliterators.java:958)\n\tat java.base/java.util.stream.ReferencePipeline.forEachWithCancel(ReferencePipeline.java:129)\n\tat java.base/java.util.stream.AbstractPipeline.copyIntoWithCancel(AbstractPipeline.java:502)\n\tat java.base/java.util.stream.AbstractPipeline.copyInto(AbstractPipeline.java:488)\n\tat java.base/java.util.stream.AbstractPipeline.wrapAndCopyInto(AbstractPipeline.java:474)\n\tat java.base/java.util.stream.FindOps$FindOp.evaluateSequential(FindOps.java:150)\n\tat java.base/java.util.stream.AbstractPipeline.evaluate(AbstractPipeline.java:234)\n\tat java.base/java.util.stream.ReferencePipeline.findFirst(ReferencePipeline.java:647)\n\tat org.openqa.selenium.remote.ProtocolHandshake.createSession(ProtocolHandshake.java:128)\n\tat org.openqa.selenium.remote.ProtocolHandshake.createSession(ProtocolHandshake.java:74)\n\tat org.openqa.selenium.remote.HttpCommandExecutor.execute(HttpCommandExecutor.java:136)\n\tat org.openqa.selenium.remote.service.DriverCommandExecutor.execute(DriverCommandExecutor.java:83)\n\tat org.openqa.selenium.remote.RemoteWebDriver.execute(RemoteWebDriver.java:552)\n\tat org.openqa.selenium.remote.RemoteWebDriver.startSession(RemoteWebDriver.java:213)\n\tat org.openqa.selenium.remote.RemoteWebDriver.<init>(RemoteWebDriver.java:131)\n\tat org.openqa.selenium.chrome.ChromeDriver.<init>(ChromeDriver.java:181)\n\tat org.openqa.selenium.chrome.ChromeDriver.<init>(ChromeDriver.java:168)\n\tat org.openqa.selenium.chrome.ChromeDriver.<init>(ChromeDriver.java:157)\n\tat BaseTest.Setup(BaseTest.java:34)\n\tat java.base/jdk.internal.reflect.NativeMethodAccessorImpl.invoke0(Native Method)\n\tat java.base/jdk.internal.reflect.NativeMethodAccessorImpl.invoke(NativeMethodAccessorImpl.java:78)\n\tat java.base/jdk.internal.reflect.DelegatingMethodAccessorImpl.invoke(DelegatingMethodAccessorImpl.java:43)\n\tat java.base/java.lang.reflect.Method.invoke(Method.java:567)\n\tat org.junit.platform.commons.util.ReflectionUtils.invokeMethod(ReflectionUtils.java:725)\n\tat org.junit.jupiter.engine.execution.MethodInvocation.proceed(MethodInvocation.java:60)\n\tat org.junit.jupiter.engine.execution.InvocationInterceptorChain$ValidatingInvocation.proceed(InvocationInterceptorChain.java:131)\n\tat io.qameta.allure.junit5.AllureJunit5.processFixture(AllureJunit5.java:87)\n\tat io.qameta.allure.junit5.AllureJunit5.interceptBeforeEachMethod(AllureJunit5.java:65)\n\tat org.junit.jupiter.engine.execution.InterceptingExecutableInvoker$ReflectiveInterceptorCall.lambda$ofVoidMethod$0(InterceptingExecutableInvoker.java:103)\n\tat org.junit.jupiter.engine.execution.InterceptingExecutableInvoker.lambda$invoke$0(InterceptingExecutableInvoker.java:93)\n\tat org.junit.jupiter.engine.execution.InvocationInterceptorChain$InterceptedInvocation.proceed(InvocationInterceptorChain.java:106)\n\tat org.junit.jupiter.engine.extension.TimeoutExtension.intercept(TimeoutExtension.java:149)\n\tat org.junit.jupiter.engine.extension.TimeoutExtension.interceptLifecycleMethod(TimeoutExtension.java:126)\n\tat org.junit.jupiter.engine.extension.TimeoutExtension.interceptBeforeEachMethod(TimeoutExtension.java:76)\n\tat org.junit.jupiter.engine.execution.InterceptingExecutableInvoker$ReflectiveInterceptorCall.lambda$ofVoidMethod$0(InterceptingExecutableInvoker.java:103)\n\tat org.junit.jupiter.engine.execution.InterceptingExecutableInvoker.lambda$invoke$0(InterceptingExecutableInvoker.java:93)\n\tat org.junit.jupiter.engine.execution.InvocationInterceptorChain$InterceptedInvocation.proceed(InvocationInterceptorChain.java:106)\n\tat org.junit.jupiter.engine.execution.InvocationInterceptorChain.proceed(InvocationInterceptorChain.java:64)\n\tat org.junit.jupiter.engine.execution.InvocationInterceptorChain.chainAndInvoke(InvocationInterceptorChain.java:45)\n\tat org.junit.jupiter.engine.execution.InvocationInterceptorChain.invoke(InvocationInterceptorChain.java:37)\n\tat org.junit.jupiter.engine.execution.InterceptingExecutableInvoker.invoke(InterceptingExecutableInvoker.java:92)\n\tat org.junit.jupiter.engine.execution.InterceptingExecutableInvoker.invoke(InterceptingExecutableInvoker.java:86)\n\tat org.junit.jupiter.engine.descriptor.ClassBasedTestDescriptor.invokeMethodInExtensionContext(ClassBasedTestDescriptor.java:520)\n\tat org.junit.jupiter.engine.descriptor.ClassBasedTestDescriptor.lambda$synthesizeBeforeEachMethodAdapter$23(ClassBasedTestDescriptor.java:505)\n\tat org.junit.jupiter.engine.descriptor.TestMethodTestDescriptor.lambda$invokeBeforeEachMethods$3(TestMethodTestDescriptor.java:174)\n\tat org.junit.jupiter.engine.descriptor.TestMethodTestDescriptor.lambda$invokeBeforeMethodsOrCallbacksUntilExceptionOccurs$6(TestMethodTestDescriptor.java:202)\n\tat org.junit.platform.engine.support.hierarchical.ThrowableCollector.execute(ThrowableCollector.java:73)\n\tat org.junit.jupiter.engine.descriptor.TestMethodTestDescriptor.invokeBeforeMethodsOrCallbacksUntilExceptionOccurs(TestMethodTestDescriptor.java:202)\n\tat org.junit.jupiter.engine.descriptor.TestMethodTestDescriptor.invokeBeforeEachMethods(TestMethodTestDescriptor.java:171)\n\tat org.junit.jupiter.engine.descriptor.TestMethodTestDescriptor.execute(TestMethodTestDescriptor.java:134)\n\tat org.junit.jupiter.engine.descriptor.TestMethodTestDescriptor.execute(TestMethodTestDescriptor.java:68)\n\tat org.junit.platform.engine.support.hierarchical.NodeTestTask.lambda$executeRecursively$5(NodeTestTask.java:139)\n\tat org.junit.platform.engine.support.hierarchical.ThrowableCollector.execute(ThrowableCollector.java:73)\n\tat org.junit.platform.engine.support.hierarchical.NodeTestTask.lambda$executeRecursively$7(NodeTestTask.java:129)\n\tat org.junit.platform.engine.support.hierarchical.Node.around(Node.java:137)\n\tat org.junit.platform.engine.support.hierarchical.NodeTestTask.lambda$executeRecursively$8(NodeTestTask.java:127)\n\tat org.junit.platform.engine.support.hierarchical.ThrowableCollector.execute(ThrowableCollector.java:73)\n\tat org.junit.platform.engine.support.hierarchical.NodeTestTask.executeRecursively(NodeTestTask.java:126)\n\tat org.junit.platform.engine.support.hierarchical.NodeTestTask.execute(NodeTestTask.java:84)\n\tat org.junit.platform.engine.support.hierarchical.ForkJoinPoolHierarchicalTestExecutorService$ExclusiveTask.compute(ForkJoinPoolHierarchicalTestExecutorService.java:185)\n\tat org.junit.platform.engine.support.hierarchical.ForkJoinPoolHierarchicalTestExecutorService.executeNonConcurrentTasks(ForkJoinPoolHierarchicalTestExecutorService.java:155)\n\tat org.junit.platform.engine.support.hierarchical.ForkJoinPoolHierarchicalTestExecutorService.invokeAll(ForkJoinPoolHierarchicalTestExecutorService.java:135)\n\tat org.junit.platform.engine.support.hierarchical.NodeTestTask.lambda$executeRecursively$5(NodeTestTask.java:143)\n\tat org.junit.platform.engine.support.hierarchical.ThrowableCollector.execute(ThrowableCollector.java:73)\n\tat org.junit.platform.engine.support.hierarchical.NodeTestTask.lambda$executeRecursively$7(NodeTestTask.java:129)\n\tat org.junit.platform.engine.support.hierarchical.Node.around(Node.java:137)\n\tat org.junit.platform.engine.support.hierarchical.NodeTestTask.lambda$executeRecursively$8(NodeTestTask.java:127)\n\tat org.junit.platform.engine.support.hierarchical.ThrowableCollector.execute(ThrowableCollector.java:73)\n\tat org.junit.platform.engine.support.hierarchical.NodeTestTask.executeRecursively(NodeTestTask.java:126)\n\tat org.junit.platform.engine.support.hierarchical.NodeTestTask.execute(NodeTestTask.java:84)\n\tat org.junit.platform.engine.support.hierarchical.ForkJoinPoolHierarchicalTestExecutorService$ExclusiveTask.compute(ForkJoinPoolHierarchicalTestExecutorService.java:185)\n\tat org.junit.platform.engine.support.hierarchical.ForkJoinPoolHierarchicalTestExecutorService.executeNonConcurrentTasks(ForkJoinPoolHierarchicalTestExecutorService.java:155)\n\tat org.junit.platform.engine.support.hierarchical.ForkJoinPoolHierarchicalTestExecutorService.invokeAll(ForkJoinPoolHierarchicalTestExecutorService.java:135)\n\tat org.junit.platform.engine.support.hierarchical.NodeTestTask.lambda$executeRecursively$5(NodeTestTask.java:143)\n\tat org.junit.platform.engine.support.hierarchical.ThrowableCollector.execute(ThrowableCollector.java:73)\n\tat org.junit.platform.engine.support.hierarchical.NodeTestTask.lambda$executeRecursively$7(NodeTestTask.java:129)\n\tat org.junit.platform.engine.support.hierarchical.Node.around(Node.java:137)\n\tat org.junit.platform.engine.support.hierarchical.NodeTestTask.lambda$executeRecursively$8(NodeTestTask.java:127)\n\tat org.junit.platform.engine.support.hierarchical.ThrowableCollector.execute(ThrowableCollector.java:73)\n\tat org.junit.platform.engine.support.hierarchical.NodeTestTask.executeRecursively(NodeTestTask.java:126)\n\tat org.junit.platform.engine.support.hierarchical.NodeTestTask.execute(NodeTestTask.java:84)\n\tat org.junit.platform.engine.support.hierarchical.ForkJoinPoolHierarchicalTestExecutorService$ExclusiveTask.compute(ForkJoinPoolHierarchicalTestExecutorService.java:185)\n\tat java.base/java.util.concurrent.RecursiveAction.exec(RecursiveAction.java:194)\n\tat java.base/java.util.concurrent.ForkJoinTask.doExec(ForkJoinTask.java:295)\n\tat java.base/java.util.concurrent.ForkJoinPool$WorkQueue.topLevelExec(ForkJoinPool.java:1016)\n\tat java.base/java.util.concurrent.ForkJoinPool.scan(ForkJoinPool.java:1665)\n\tat java.base/java.util.concurrent.ForkJoinPool.runWorker(ForkJoinPool.java:1598)\n\tat java.base/java.util.concurrent.ForkJoinWorkerThread.run(ForkJoinWorkerThread.java:183)\n","steps":[],"attachments":[],"parameters":[],"stepsCount":0,"attachmentsCount":0,"shouldDisplayMessage":true,"hasContent":true}],"afterStages":[{"name":"Close","time":{"start":1656946800312,"stop":1656946800312,"duration":0},"status":"passed","steps":[],"attachments":[],"parameters":[],"stepsCount":0,"attachmentsCount":0,"shouldDisplayMessage":false,"hasContent":false}],"labels":[{"name":"feature","value":"Test edit blog entry"},{"name":"epic","value":"Regression tests"},{"name":"story","value":"Delete the blog entry"},{"name":"host","value":"fv-az190-632"},{"name":"thread","value":"3492@fv-az190-632.ForkJoinPool-1-worker-3(16)"},{"name":"framework","value":"junit-platform"},{"name":"language","value":"java"},{"name":"package","value":"EditBlogEntryPageTest"},{"name":"testClass","value":"EditBlogEntryPageTest"},{"name":"testMethod","value":"TestDeleteBlogEntry"},{"name":"suite","value":"EditBlogEntryPageTest"},{"name":"severity","value":"critical"},{"name":"resultFormat","value":"allure2"}],"parameters":[],"links":[],"hidden":false,"retry":false,"extra":{"severity":"critical","retries":[],"categories":[{"name":"Test defects","matchedStatuses":[],"flaky":false}],"history":{"statistic":{"failed":0,"broken":2,"skipped":0,"passed":11,"unknown":0,"total":13},"items":[{"uid":"2b3379ed73498aac","reportUrl":"https://funakattila.github.io/srkga/46//#testresult/2b3379ed73498aac","status":"passed","time":{"start":1656932871706,"stop":1656932880658,"duration":8952}},{"uid":"971708834e7666c9","reportUrl":"https://funakattila.github.io/srkga/45//#testresult/971708834e7666c9","status":"broken","statusDetails":"no such element: Unable to locate element: {\"method\":\"css selector\",\"selector\":\"#titlebar\\-button\\-delete\"}\n  (Session info: headless chrome=103.0.5060.53)\nFor documentation on this error, please visit: https://www.seleniumhq.org/exceptions/no_such_element.html\nBuild info: version: '3.141.59', revision: 'e82be7d358', time: '2018-11-14T08:17:03'\nSystem info: host: 'fv-az399-317', ip: '10.1.0.191', os.name: 'Linux', os.arch: 'amd64', os.version: '5.13.0-1031-azure', java.version: '16.0.2'\nDriver info: org.openqa.selenium.chrome.ChromeDriver\nCapabilities {acceptInsecureCerts: false, browserName: chrome, browserVersion: 103.0.5060.53, chrome: {chromedriverVersion: 103.0.5060.53 (a1711811edd7..., userDataDir: /tmp/.com.google.Chrome.rDUUYH}, goog:chromeOptions: {debuggerAddress: localhost:42109}, javascriptEnabled: true, networkConnectionEnabled: false, pageLoadStrategy: normal, platform: LINUX, platformName: LINUX, proxy: Proxy(), setWindowRect: true, strictFileInteractability: false, timeouts: {implicit: 0, pageLoad: 300000, script: 30000}, unhandledPromptBehavior: dismiss and notify, webauthn:extension:credBlob: true, webauthn:extension:largeBlob: true, webauthn:virtualAuthenticators: true}\nSession ID: 66287685e962fdc186c18a932410c42c\n*** Element info: {Using=id, value=titlebar-button-delete}","time":{"start":1656931563265,"stop":1656931586973,"duration":23708}},{"uid":"5197c28eb15ce310","reportUrl":"https://funakattila.github.io/srkga/44//#testresult/5197c28eb15ce310","status":"passed","time":{"start":1656922711405,"stop":1656922722568,"duration":11163}},{"uid":"3934e4b87331cec6","reportUrl":"https://funakattila.github.io/srkga/43//#testresult/3934e4b87331cec6","status":"passed","time":{"start":1656922513280,"stop":1656922523824,"duration":10544}},{"uid":"5f5d86300ab015b3","reportUrl":"https://funakattila.github.io/srkga/42//#testresult/5f5d86300ab015b3","status":"passed","time":{"start":1656878013604,"stop":1656878024174,"duration":10570}},{"uid":"4ae64d64cba723ea","reportUrl":"https://funakattila.github.io/srkga/41//#testresult/4ae64d64cba723ea","status":"passed","time":{"start":1656876909907,"stop":1656876919527,"duration":9620}},{"uid":"a9ddcf80024be899","reportUrl":"https://funakattila.github.io/srkga/40//#testresult/a9ddcf80024be899","status":"passed","time":{"start":1656875553760,"stop":1656875564891,"duration":11131}},{"uid":"eee88bc26db746ba","reportUrl":"https://funakattila.github.io/srkga/39//#testresult/eee88bc26db746ba","status":"passed","time":{"start":1656872612260,"stop":1656872622547,"duration":10287}},{"uid":"e1162cb9123e2642","reportUrl":"https://funakattila.github.io/srkga/38//#testresult/e1162cb9123e2642","status":"passed","time":{"start":1656867972045,"stop":1656867984163,"duration":12118}},{"uid":"82d74593e5f245f","reportUrl":"https://funakattila.github.io/srkga/37//#testresult/82d74593e5f245f","status":"passed","time":{"start":1656535774656,"stop":1656535785199,"duration":10543}},{"uid":"3b2e44c95d8587ad","reportUrl":"https://funakattila.github.io/srkga/36//#testresult/3b2e44c95d8587ad","status":"passed","time":{"start":1656523887055,"stop":1656523894092,"duration":7037}},{"uid":"69855f5e56f63c08","reportUrl":"https://funakattila.github.io/srkga/35//#testresult/69855f5e56f63c08","status":"passed","time":{"start":1656501319007,"stop":1656501325893,"duration":6886}}]},"tags":[]},"source":"7aa21aa224cfc40d.json","parameterValues":[]}